capstone/Library/Bee/Android/Prj/Mono2x/Gradle/launcher/build/intermediates/manifest_merge_blame_file/release/manifest-merger-blame-release-report.txt
1<?xml version="1.0" encoding="utf-8"?>
2<manifest xmlns:android="http://schemas.android.com/apk/res/android"
3    package="com.DefaultCompany.capstone"
4    android:installLocation="auto"
5    android:versionCode="1"
6    android:versionName="0.1" >
7
8    <uses-sdk
9        android:minSdkVersion="24"
9-->src\main\AndroidManifest.xml
10        android:targetSdkVersion="30" />
10-->src\main\AndroidManifest.xml
11
12    <supports-screens
12-->src\main\AndroidManifest.xml:3:3-163
13        android:anyDensity="true"
13-->src\main\AndroidManifest.xml:3:135-160
14        android:largeScreens="true"
14-->src\main\AndroidManifest.xml:3:78-105
15        android:normalScreens="true"
15-->src\main\AndroidManifest.xml:3:49-77
16        android:smallScreens="true"
16-->src\main\AndroidManifest.xml:3:21-48
17        android:xlargeScreens="true" />
17-->src\main\AndroidManifest.xml:3:106-134
18
19    <uses-feature android:glEsVersion="0x00030000" />
19-->[:unityLibrary] AndroidManifest.xml:13:5-54
19-->[:unityLibrary] AndroidManifest.xml:13:19-51
20
21    <supports-gl-texture android:name="GL_KHR_texture_compression_astc_ldr" />
21-->[:unityLibrary] AndroidManifest.xml:15:5-79
21-->[:unityLibrary] AndroidManifest.xml:15:26-76
22
23    <uses-permission android:name="android.permission.INTERNET" />
23-->[:unityLibrary] AndroidManifest.xml:17:5-67
23-->[:unityLibrary] AndroidManifest.xml:17:22-64
24    <uses-permission android:name="android.permission.ACCESS_NETWORK_STATE" />
24-->[:unityLibrary] AndroidManifest.xml:18:5-79
24-->[:unityLibrary] AndroidManifest.xml:18:22-76
25    <uses-permission android:name="android.permission.RECORD_AUDIO" />
25-->[:unityLibrary] AndroidManifest.xml:19:5-71
25-->[:unityLibrary] AndroidManifest.xml:19:22-68
26    <uses-permission android:name="android.permission.MODIFY_AUDIO_SETTINGS" />
26-->[:unityLibrary] AndroidManifest.xml:20:5-80
26-->[:unityLibrary] AndroidManifest.xml:20:22-77
27
28    <uses-feature
28-->[:unityLibrary] AndroidManifest.xml:22:5-24:36
29        android:name="android.hardware.microphone"
29-->[:unityLibrary] AndroidManifest.xml:23:9-51
30        android:required="false" />
30-->[:unityLibrary] AndroidManifest.xml:24:9-33
31    <uses-feature
31-->[:unityLibrary] AndroidManifest.xml:25:5-27:36
32        android:name="android.hardware.touchscreen"
32-->[:unityLibrary] AndroidManifest.xml:26:9-52
33        android:required="false" />
33-->[:unityLibrary] AndroidManifest.xml:27:9-33
34    <uses-feature
34-->[:unityLibrary] AndroidManifest.xml:28:5-30:36
35        android:name="android.hardware.touchscreen.multitouch"
35-->[:unityLibrary] AndroidManifest.xml:29:9-63
36        android:required="false" />
36-->[:unityLibrary] AndroidManifest.xml:30:9-33
37    <uses-feature
37-->[:unityLibrary] AndroidManifest.xml:31:5-33:36
38        android:name="android.hardware.touchscreen.multitouch.distinct"
38-->[:unityLibrary] AndroidManifest.xml:32:9-72
39        android:required="false" />
39-->[:unityLibrary] AndroidManifest.xml:33:9-33
40    <uses-feature
40-->[:unityLibrary] AndroidManifest.xml:34:5-37:31
41        android:name="android.hardware.vr.headtracking"
41-->[:unityLibrary] AndroidManifest.xml:35:9-56
42        android:required="true"
42-->[:unityLibrary] AndroidManifest.xml:36:9-32
43        android:version="1" />
43-->[:unityLibrary] AndroidManifest.xml:37:9-28
44    <uses-feature
44-->[:unityLibrary] AndroidManifest.xml:38:5-40:35
45        android:name="oculus.software.handtracking"
45-->[:unityLibrary] AndroidManifest.xml:39:9-52
46        android:required="true" />
46-->[:unityLibrary] AndroidManifest.xml:40:9-32
47
48    <uses-permission android:name="com.oculus.permission.HAND_TRACKING" />
48-->[:unityLibrary] AndroidManifest.xml:42:5-75
48-->[:unityLibrary] AndroidManifest.xml:42:22-72
49
50    <application
50-->src\main\AndroidManifest.xml:4:3-83
51        android:allowBackup="false"
51-->[:unityLibrary] AndroidManifest.xml:45:9-36
52        android:extractNativeLibs="true"
52-->[:unityLibrary] AndroidManifest.xml:46:9-41
53        android:icon="@mipmap/app_icon"
53-->src\main\AndroidManifest.xml:4:49-80
54        android:label="@string/app_name"
54-->src\main\AndroidManifest.xml:4:16-48
55        android:networkSecurityConfig="@xml/network_sec_config" >
55-->[:unityLibrary] AndroidManifest.xml:49:9-64
56        <activity
56-->[:unityLibrary] AndroidManifest.xml:50:9-74:20
57            android:name="com.unity3d.player.UnityPlayerActivity"
57-->[:unityLibrary] AndroidManifest.xml:51:13-66
58            android:configChanges="keyboard|keyboardHidden|navigation|orientation|screenLayout|screenSize|uiMode|density"
58-->[:unityLibrary] AndroidManifest.xml:52:13-122
59            android:hardwareAccelerated="false"
59-->[:unityLibrary] AndroidManifest.xml:53:13-48
60            android:launchMode="singleTask"
60-->[:unityLibrary] AndroidManifest.xml:54:13-44
61            android:resizeableActivity="false"
61-->[:unityLibrary] AndroidManifest.xml:55:13-47
62            android:screenOrientation="landscape"
62-->[:unityLibrary] AndroidManifest.xml:56:13-50
63            android:theme="@android:style/Theme.Black.NoTitleBar.Fullscreen" >
63-->[:unityLibrary] AndroidManifest.xml:57:13-77
64            <intent-filter>
64-->[:unityLibrary] AndroidManifest.xml:58:13-63:29
65                <action android:name="android.intent.action.MAIN" />
65-->[:unityLibrary] AndroidManifest.xml:59:17-69
65-->[:unityLibrary] AndroidManifest.xml:59:25-66
66
67                <category android:name="android.intent.category.LAUNCHER" />
67-->[:unityLibrary] AndroidManifest.xml:61:17-77
67-->[:unityLibrary] AndroidManifest.xml:61:27-74
68                <category android:name="com.oculus.intent.category.VR" />
68-->[:unityLibrary] AndroidManifest.xml:62:17-74
68-->[:unityLibrary] AndroidManifest.xml:62:27-71
69            </intent-filter>
70
71            <meta-data
71-->[:unityLibrary] AndroidManifest.xml:65:13-67:40
72                android:name="unityplayer.UnityActivity"
72-->[:unityLibrary] AndroidManifest.xml:66:17-57
73                android:value="true" />
73-->[:unityLibrary] AndroidManifest.xml:67:17-37
74            <meta-data
74-->[:unityLibrary] AndroidManifest.xml:68:13-70:40
75                android:name="android.notch_support"
75-->[:unityLibrary] AndroidManifest.xml:69:17-53
76                android:value="true" />
76-->[:unityLibrary] AndroidManifest.xml:70:17-37
77            <meta-data
77-->[:unityLibrary] AndroidManifest.xml:71:13-73:40
78                android:name="com.oculus.vr.focusaware"
78-->[:unityLibrary] AndroidManifest.xml:72:17-56
79                android:value="true" />
79-->[:unityLibrary] AndroidManifest.xml:73:17-37
80        </activity>
81
82        <meta-data
82-->[:unityLibrary] AndroidManifest.xml:76:9-78:33
83            android:name="unity.splash-mode"
83-->[:unityLibrary] AndroidManifest.xml:77:13-45
84            android:value="0" />
84-->[:unityLibrary] AndroidManifest.xml:78:13-30
85        <meta-data
85-->[:unityLibrary] AndroidManifest.xml:79:9-81:36
86            android:name="unity.splash-enable"
86-->[:unityLibrary] AndroidManifest.xml:80:13-47
87            android:value="True" />
87-->[:unityLibrary] AndroidManifest.xml:81:13-33
88        <meta-data
88-->[:unityLibrary] AndroidManifest.xml:82:9-84:36
89            android:name="unity.launch-fullscreen"
89-->[:unityLibrary] AndroidManifest.xml:83:13-51
90            android:value="True" />
90-->[:unityLibrary] AndroidManifest.xml:84:13-33
91        <meta-data
91-->[:unityLibrary] AndroidManifest.xml:85:9-87:37
92            android:name="unity.allow-resizable-window"
92-->[:unityLibrary] AndroidManifest.xml:86:13-56
93            android:value="False" />
93-->[:unityLibrary] AndroidManifest.xml:87:13-34
94        <meta-data
94-->[:unityLibrary] AndroidManifest.xml:88:9-90:50
95            android:name="notch.config"
95-->[:unityLibrary] AndroidManifest.xml:89:13-40
96            android:value="portrait|landscape" />
96-->[:unityLibrary] AndroidManifest.xml:90:13-47
97        <meta-data
97-->[:unityLibrary] AndroidManifest.xml:91:9-93:36
98            android:name="com.oculus.handtracking.frequency"
98-->[:unityLibrary] AndroidManifest.xml:92:13-61
99            android:value="HIGH" />
99-->[:unityLibrary] AndroidManifest.xml:93:13-33
100        <meta-data
100-->[:unityLibrary] AndroidManifest.xml:94:9-96:39
101            android:name="com.samsung.android.vr.application.mode"
101-->[:unityLibrary] AndroidManifest.xml:95:13-67
102            android:value="vr_only" />
102-->[:unityLibrary] AndroidManifest.xml:96:13-36
103        <meta-data
103-->[:unityLibrary] AndroidManifest.xml:97:9-99:37
104            android:name="com.unity.xr.oculus.LowOverheadMode"
104-->[:unityLibrary] AndroidManifest.xml:98:13-63
105            android:value="false" />
105-->[:unityLibrary] AndroidManifest.xml:99:13-34
106        <meta-data
106-->[:unityLibrary] AndroidManifest.xml:100:9-102:37
107            android:name="com.unity.xr.oculus.LateLatching"
107-->[:unityLibrary] AndroidManifest.xml:101:13-60
108            android:value="false" />
108-->[:unityLibrary] AndroidManifest.xml:102:13-34
109        <meta-data
109-->[:unityLibrary] AndroidManifest.xml:103:9-105:37
110            android:name="com.unity.xr.oculus.LateLatchingDebug"
110-->[:unityLibrary] AndroidManifest.xml:104:13-65
111            android:value="false" />
111-->[:unityLibrary] AndroidManifest.xml:105:13-34
112        <meta-data
112-->[:unityLibrary] AndroidManifest.xml:106:9-108:44
113            android:name="com.oculus.supportedDevices"
113-->[:unityLibrary] AndroidManifest.xml:107:13-55
114            android:value="quest|quest2" />
114-->[:unityLibrary] AndroidManifest.xml:108:13-41
115    </application>
116
117</manifest>